<?xml version="1.0" encoding="UTF-8"?>
<testsuite xmlns:xsi="http://www.w3.org/2001/XMLSchema-instance" xsi:noNamespaceSchemaLocation="https://maven.apache.org/surefire/maven-surefire-plugin/xsd/surefire-test-report-3.0.xsd" version="3.0" name="project.valery.SoloRandomizer.SoloRandomizerApplicationTests" time="7.017" tests="1" errors="0" skipped="0" failures="0">
  <properties>
[...]
</properties>
  <testcase name="contextLoads" classname="project.valery.SoloRandomizer.SoloRandomizerApplicationTests" time="0.663">
    <system-out><![CDATA[16:45:22.374 [main] INFO org.springframework.test.context.support.AnnotationConfigContextLoaderUtils -- Could not detect default configuration classes for test class [project.valery.SoloRandomizer.SoloRandomizerApplicationTests]: SoloRandomizerApplicationTests does not declare any static, non-private, non-final, nested classes annotated with @Configuration.
16:45:22.559 [main] INFO org.springframework.boot.test.context.SpringBootTestContextBootstrapper -- Found @SpringBootConfiguration project.valery.SoloRandomizer.SoloRandomizerApplication for test class project.valery.SoloRandomizer.SoloRandomizerApplicationTests

  .   ____          _            __ _ _
 /\\ / ___'_ __ _ _(_)_ __  __ _ \ \ \ \
( ( )\___ | '_ | '_| | '_ \/ _` | \ \ \ \
 \\/  ___)| |_)| | | | | || (_| |  ) ) ) )
  '  |____| .__|_| |_|_| |_\__, | / / / /
 =========|_|==============|___/=/_/_/_/
 :: Spring Boot ::                (v3.2.0)

2023-12-18T16:45:23.120+04:00  INFO 1737 --- [           main] p.v.S.SoloRandomizerApplicationTests     : Starting SoloRandomizerApplicationTests using Java 17.0.9 with PID 1737 (started by valery in /home/valery/Idea Projects/SoloDanceMoveRandomizer)
2023-12-18T16:45:23.122+04:00  INFO 1737 --- [           main] p.v.S.SoloRandomizerApplicationTests     : No active profile set, falling back to 1 default profile: "default"
2023-12-18T16:45:24.215+04:00  INFO 1737 --- [           main] .s.d.r.c.RepositoryConfigurationDelegate : Bootstrapping Spring Data JPA repositories in DEFAULT mode.
2023-12-18T16:45:24.302+04:00  INFO 1737 --- [           main] .s.d.r.c.RepositoryConfigurationDelegate : Finished Spring Data repository scanning in 70 ms. Found 2 JPA repository interfaces.
2023-12-18T16:45:24.934+04:00  INFO 1737 --- [           main] o.hibernate.jpa.internal.util.LogHelper  : HHH000204: Processing PersistenceUnitInfo [name: default]
2023-12-18T16:45:25.053+04:00  INFO 1737 --- [           main] org.hibernate.Version                    : HHH000412: Hibernate ORM core version 6.3.1.Final
2023-12-18T16:45:25.112+04:00  INFO 1737 --- [           main] o.h.c.internal.RegionFactoryInitiator    : HHH000026: Second-level cache disabled
2023-12-18T16:45:25.474+04:00  INFO 1737 --- [           main] o.s.o.j.p.SpringPersistenceUnitInfo      : No LoadTimeWeaver setup: ignoring JPA class transformer
2023-12-18T16:45:25.529+04:00  INFO 1737 --- [           main] com.zaxxer.hikari.HikariDataSource       : HikariPool-1 - Starting...
2023-12-18T16:45:25.827+04:00  INFO 1737 --- [           main] com.zaxxer.hikari.pool.HikariPool        : HikariPool-1 - Added connection org.postgresql.jdbc.PgConnection@164d01ba
2023-12-18T16:45:25.828+04:00  INFO 1737 --- [           main] com.zaxxer.hikari.HikariDataSource       : HikariPool-1 - Start completed.
2023-12-18T16:45:25.880+04:00  WARN 1737 --- [           main] org.hibernate.orm.deprecation            : HHH90000025: PostgreSQLDialect does not need to be specified explicitly using 'hibernate.dialect' (remove the property setting and it will be selected by default)
2023-12-18T16:45:27.072+04:00  INFO 1737 --- [           main] o.h.e.t.j.p.i.JtaPlatformInitiator       : HHH000489: No JTA platform available (set 'hibernate.transaction.jta.platform' to enable JTA platform integration)
2023-12-18T16:45:27.161+04:00  WARN 1737 --- [           main] o.h.engine.jdbc.spi.SqlExceptionHelper   : SQL Warning Code: 0, SQLState: 00000
2023-12-18T16:45:27.162+04:00  WARN 1737 --- [           main] o.h.engine.jdbc.spi.SqlExceptionHelper   : constraint "uk_cj60qnoxijqxrdjxrwrog50re" of relation "sequence" does not exist, skipping
2023-12-18T16:45:27.183+04:00  WARN 1737 --- [           main] o.h.engine.jdbc.spi.SqlExceptionHelper   : SQL Warning Code: 0, SQLState: 00000
2023-12-18T16:45:27.184+04:00  WARN 1737 --- [           main] o.h.engine.jdbc.spi.SqlExceptionHelper   : constraint "uk_sb8bbouer5wak8vyiiy4pf2bx" of relation "user" does not exist, skipping
2023-12-18T16:45:27.255+04:00  INFO 1737 --- [           main] j.LocalContainerEntityManagerFactoryBean : Initialized JPA EntityManagerFactory for persistence unit 'default'
2023-12-18T16:45:27.839+04:00  WARN 1737 --- [           main] JpaBaseConfiguration$JpaWebConfiguration : spring.jpa.open-in-view is enabled by default. Therefore, database queries may be performed during view rendering. Explicitly configure spring.jpa.open-in-view to disable this warning
2023-12-18T16:45:28.362+04:00  INFO 1737 --- [           main] p.v.S.SoloRandomizerApplicationTests     : Started SoloRandomizerApplicationTests in 5.583 seconds (process running for 7.522)
]]></system-out>
  </testcase>
</testsuite>